
> my-v0-project@0.1.0 dev
> next dev -p 3030

   ▲ Next.js 15.2.4
   - Local:        http://localhost:3030
   - Network:      http://192.168.0.2:3030

 ✓ Starting...
 ✓ Ready in 4.2s
 ○ Compiling /middleware ...
 ✓ Compiled /middleware in 969ms (172 modules)
NEXT_PUBLIC_SUPABASE_URL: undefined
NEXT_PUBLIC_SUPABASE_ANON_KEY: undefined
Middleware triggered for: http://localhost:3030/dashboard
 ⨯ Error: Your project's URL and Key are required to create a Supabase client!

Check your Supabase project's API settings to find these values

https://supabase.com/dashboard/project/_/settings/api
    at <unknown> (https://supabase.com/dashboard/project/_/settings/api)
    at <unknown> (https://supabase.com/dashboard/project/_/settings/api)
    at middleware (middleware.ts:32:38)
  30 |   }
  31 |
> 32 |   const supabase = createServerClient(supabaseUrl, supabaseAnonKey, { cookies })
     |                                      ^
  33 |   
  34 |   let session = null; 
  35 |   try {
 ○ Compiling /_error ...
 ✓ Compiled /_error in 2.6s (358 modules)
